[ 2018-07-05T09:31:42+08:00 ] 192.168.1.21 /Mobile/index.php/Mobile/Index/index
INFO: [ app_init ] --START--
INFO: Run Behavior\BuildLiteBehavior [ RunTime:0.000054s ]
INFO: [ app_init ] --END-- [ RunTime:0.000296s ]

[ 2018-07-05T09:32:02+08:00 ] 192.168.1.21 /Mobile/index.php/Mobile/Index/questionIndex
INFO: [ app_init ] --START--
INFO: Run Behavior\BuildLiteBehavior [ RunTime:0.000025s ]
INFO: [ app_init ] --END-- [ RunTime:0.000168s ]

[ 2018-07-05T09:35:45+08:00 ] 192.168.1.73 /Mobile/index.php/Mobile/Index/questionIndex
INFO: [ app_init ] --START--
INFO: Run Behavior\BuildLiteBehavior [ RunTime:0.000025s ]
INFO: [ app_init ] --END-- [ RunTime:0.000133s ]

[ 2018-07-05T09:49:11+08:00 ] 192.168.1.21 /Mobile/index.php/Mobile/Index/questionIndex
INFO: [ app_init ] --START--
INFO: Run Behavior\BuildLiteBehavior [ RunTime:0.000021s ]
INFO: [ app_init ] --END-- [ RunTime:0.000112s ]

[ 2018-07-05T09:49:33+08:00 ] 192.168.1.21 /Mobile/index.php/Mobile/Index/questionIndex
INFO: [ app_init ] --START--
INFO: Run Behavior\BuildLiteBehavior [ RunTime:0.000022s ]
INFO: [ app_init ] --END-- [ RunTime:0.000124s ]

[ 2018-07-05T09:50:56+08:00 ] 192.168.1.21 /Mobile/index.php/Mobile/Index/questionIndex
INFO: [ app_init ] --START--
INFO: Run Behavior\BuildLiteBehavior [ RunTime:0.000036s ]
INFO: [ app_init ] --END-- [ RunTime:0.000175s ]

[ 2018-07-05T09:51:22+08:00 ] 192.168.1.21 /Mobile/index.php/Mobile/Index/questionIndex
INFO: [ app_init ] --START--
INFO: Run Behavior\BuildLiteBehavior [ RunTime:0.000021s ]
INFO: [ app_init ] --END-- [ RunTime:0.000119s ]

[ 2018-07-05T09:51:52+08:00 ] 192.168.1.21 /Mobile/index.php/Mobile/Index/questionIndex
INFO: [ app_init ] --START--
INFO: Run Behavior\BuildLiteBehavior [ RunTime:0.000024s ]
INFO: [ app_init ] --END-- [ RunTime:0.000140s ]

[ 2018-07-05T09:52:04+08:00 ] 192.168.1.73 /Mobile/index.php/Mobile/Index/questionIndex
INFO: [ app_init ] --START--
INFO: Run Behavior\BuildLiteBehavior [ RunTime:0.000022s ]
INFO: [ app_init ] --END-- [ RunTime:0.000111s ]

[ 2018-07-05T09:52:05+08:00 ] 192.168.1.73 /Mobile/index.php/Mobile/Index/questionIndex
INFO: [ app_init ] --START--
INFO: Run Behavior\BuildLiteBehavior [ RunTime:0.000027s ]
INFO: [ app_init ] --END-- [ RunTime:0.000151s ]

[ 2018-07-05T09:52:42+08:00 ] 192.168.1.73 /Mobile/index.php/Mobile/Index/questionIndex
INFO: [ app_init ] --START--
INFO: Run Behavior\BuildLiteBehavior [ RunTime:0.000030s ]
INFO: [ app_init ] --END-- [ RunTime:0.000128s ]

[ 2018-07-05T09:56:22+08:00 ] 192.168.1.21 /Mobile/index.php/Mobile/Index/questionIndex
INFO: [ app_init ] --START--
INFO: Run Behavior\BuildLiteBehavior [ RunTime:0.000027s ]
INFO: [ app_init ] --END-- [ RunTime:0.000136s ]

[ 2018-07-05T09:56:33+08:00 ] 192.168.1.73 /Mobile/index.php/Mobile/Index/questionIndex
INFO: [ app_init ] --START--
INFO: Run Behavior\BuildLiteBehavior [ RunTime:0.000022s ]
INFO: [ app_init ] --END-- [ RunTime:0.000112s ]

[ 2018-07-05T13:14:04+08:00 ] 192.168.1.21 /Mobile/index.php/Mobile/Index/questionIndex
INFO: [ app_init ] --START--
INFO: Run Behavior\BuildLiteBehavior [ RunTime:0.000026s ]
INFO: [ app_init ] --END-- [ RunTime:0.000220s ]

[ 2018-07-05T13:15:00+08:00 ] 192.168.1.21 /Mobile/index.php/Mobile/Index/questionIndex
INFO: [ app_init ] --START--
INFO: Run Behavior\BuildLiteBehavior [ RunTime:0.000028s ]
INFO: [ app_init ] --END-- [ RunTime:0.000171s ]

[ 2018-07-05T13:15:38+08:00 ] 192.168.1.73 /Mobile/index.php/Mobile/Index/questionIndex
INFO: [ app_init ] --START--
INFO: Run Behavior\BuildLiteBehavior [ RunTime:0.000022s ]
INFO: [ app_init ] --END-- [ RunTime:0.000120s ]

[ 2018-07-05T13:17:36+08:00 ] 192.168.1.73 /Mobile/index.php/Mobile/Index/questionIndex
INFO: [ app_init ] --START--
INFO: Run Behavior\BuildLiteBehavior [ RunTime:0.000022s ]
INFO: [ app_init ] --END-- [ RunTime:0.000115s ]

[ 2018-07-05T14:17:53+08:00 ] 192.168.1.21 /Mobile/index.php/Mobile/Index/questionIndex
INFO: [ app_init ] --START--
INFO: Run Behavior\BuildLiteBehavior [ RunTime:0.000024s ]
INFO: [ app_init ] --END-- [ RunTime:0.000139s ]

[ 2018-07-05T14:21:53+08:00 ] 192.168.1.21 /Mobile/index.php/Mobile/Index/questionIndex
INFO: [ app_init ] --START--
INFO: Run Behavior\BuildLiteBehavior [ RunTime:0.000023s ]
INFO: [ app_init ] --END-- [ RunTime:0.000173s ]

[ 2018-07-05T14:23:25+08:00 ] 192.168.1.21 /Mobile/index.php/Mobile/Index/questionIndex
INFO: [ app_init ] --START--
INFO: Run Behavior\BuildLiteBehavior [ RunTime:0.000025s ]
INFO: [ app_init ] --END-- [ RunTime:0.000159s ]

[ 2018-07-05T14:23:36+08:00 ] 192.168.1.73 /Mobile/index.php/Mobile/Index/questionIndex
INFO: [ app_init ] --START--
INFO: Run Behavior\BuildLiteBehavior [ RunTime:0.000032s ]
INFO: [ app_init ] --END-- [ RunTime:0.000173s ]

[ 2018-07-05T14:24:17+08:00 ] 192.168.1.73 /Mobile/index.php/Mobile/Index/questionIndex
INFO: [ app_init ] --START--
INFO: Run Behavior\BuildLiteBehavior [ RunTime:0.000024s ]
INFO: [ app_init ] --END-- [ RunTime:0.000126s ]

[ 2018-07-05T14:25:11+08:00 ] 192.168.1.73 /Mobile/index.php/Mobile/Index/questionIndex
INFO: [ app_init ] --START--
INFO: Run Behavior\BuildLiteBehavior [ RunTime:0.000029s ]
INFO: [ app_init ] --END-- [ RunTime:0.000187s ]

[ 2018-07-05T14:25:41+08:00 ] 192.168.1.73 /Mobile/index.php/Mobile/Index/questionIndex
INFO: [ app_init ] --START--
INFO: Run Behavior\BuildLiteBehavior [ RunTime:0.000022s ]
INFO: [ app_init ] --END-- [ RunTime:0.000132s ]

[ 2018-07-05T14:36:21+08:00 ] 192.168.1.21 /Mobile/index.php/Mobile/Index/questionIndex
INFO: [ app_init ] --START--
INFO: Run Behavior\BuildLiteBehavior [ RunTime:0.000024s ]
INFO: [ app_init ] --END-- [ RunTime:0.000136s ]

[ 2018-07-05T14:37:46+08:00 ] 192.168.1.21 /Mobile/index.php/Mobile/Index/questionIndex
INFO: [ app_init ] --START--
INFO: Run Behavior\BuildLiteBehavior [ RunTime:0.000024s ]
INFO: [ app_init ] --END-- [ RunTime:0.000119s ]

[ 2018-07-05T14:38:09+08:00 ] 192.168.1.21 /Mobile/index.php/Mobile/Index/questionIndex
INFO: [ app_init ] --START--
INFO: Run Behavior\BuildLiteBehavior [ RunTime:0.000023s ]
INFO: [ app_init ] --END-- [ RunTime:0.000125s ]

[ 2018-07-05T14:42:20+08:00 ] 192.168.1.21 /Mobile/index.php/Mobile/Index/questionIndex
INFO: [ app_init ] --START--
INFO: Run Behavior\BuildLiteBehavior [ RunTime:0.000030s ]
INFO: [ app_init ] --END-- [ RunTime:0.000143s ]

[ 2018-07-05T14:43:05+08:00 ] 192.168.1.21 /Mobile/index.php/Mobile/Index/questionIndex
INFO: [ app_init ] --START--
INFO: Run Behavior\BuildLiteBehavior [ RunTime:0.000025s ]
INFO: [ app_init ] --END-- [ RunTime:0.000276s ]

[ 2018-07-05T14:43:40+08:00 ] 192.168.1.21 /Mobile/index.php/Mobile/Index/questionIndex
INFO: [ app_init ] --START--
INFO: Run Behavior\BuildLiteBehavior [ RunTime:0.000091s ]
INFO: [ app_init ] --END-- [ RunTime:0.000238s ]

[ 2018-07-05T14:43:54+08:00 ] 192.168.1.21 /Mobile/index.php/Mobile/Index/questionIndex
INFO: [ app_init ] --START--
INFO: Run Behavior\BuildLiteBehavior [ RunTime:0.000023s ]
INFO: [ app_init ] --END-- [ RunTime:0.000124s ]

[ 2018-07-05T14:44:45+08:00 ] 192.168.1.21 /Mobile/index.php/Mobile/Index/questionIndex
INFO: [ app_init ] --START--
INFO: Run Behavior\BuildLiteBehavior [ RunTime:0.000024s ]
INFO: [ app_init ] --END-- [ RunTime:0.000126s ]

[ 2018-07-05T14:45:11+08:00 ] 192.168.1.21 /Mobile/index.php/Mobile/Index/questionIndex
INFO: [ app_init ] --START--
INFO: Run Behavior\BuildLiteBehavior [ RunTime:0.000023s ]
INFO: [ app_init ] --END-- [ RunTime:0.000141s ]

[ 2018-07-05T14:45:25+08:00 ] 192.168.1.73 /Mobile/index.php/Mobile/Index/questionIndex
INFO: [ app_init ] --START--
INFO: Run Behavior\BuildLiteBehavior [ RunTime:0.000024s ]
INFO: [ app_init ] --END-- [ RunTime:0.000135s ]

[ 2018-07-05T14:46:35+08:00 ] 192.168.1.21 /Mobile/index.php/Mobile/Index/questionIndex
INFO: [ app_init ] --START--
INFO: Run Behavior\BuildLiteBehavior [ RunTime:0.000027s ]
INFO: [ app_init ] --END-- [ RunTime:0.000162s ]

[ 2018-07-05T14:47:13+08:00 ] 192.168.1.21 /Mobile/index.php/Mobile/Index/questionIndex
INFO: [ app_init ] --START--
INFO: Run Behavior\BuildLiteBehavior [ RunTime:0.000027s ]
INFO: [ app_init ] --END-- [ RunTime:0.000216s ]

[ 2018-07-05T14:50:53+08:00 ] 192.168.1.73 /Mobile/index.php/Mobile/Index/questionIndex
INFO: [ app_init ] --START--
INFO: Run Behavior\BuildLiteBehavior [ RunTime:0.000029s ]
INFO: [ app_init ] --END-- [ RunTime:0.000185s ]

[ 2018-07-05T14:51:40+08:00 ] 192.168.1.73 /Mobile/index.php/Mobile/Index/index.php/common/action/type/4
INFO: [ app_init ] --START--
INFO: Run Behavior\BuildLiteBehavior [ RunTime:0.000025s ]
INFO: [ app_init ] --END-- [ RunTime:0.000145s ]
INFO: [ app_begin ] --START--
INFO: Run Behavior\ReadHtmlCacheBehavior [ RunTime:0.001982s ]
INFO: [ app_begin ] --END-- [ RunTime:0.002098s ]
ERR: 非法操作:index.php

[ 2018-07-05T14:53:03+08:00 ] 192.168.1.21 /Mobile/index.php/Mobile/Index/questionIndex
INFO: [ app_init ] --START--
INFO: Run Behavior\BuildLiteBehavior [ RunTime:0.000023s ]
INFO: [ app_init ] --END-- [ RunTime:0.000129s ]

[ 2018-07-05T14:53:08+08:00 ] 192.168.1.73 /Mobile/index.php/Mobile/Index/questionIndex
INFO: [ app_init ] --START--
INFO: Run Behavior\BuildLiteBehavior [ RunTime:0.000028s ]
INFO: [ app_init ] --END-- [ RunTime:0.000154s ]

[ 2018-07-05T14:54:26+08:00 ] 192.168.1.73 /Mobile/index.php/Mobile/Index/questionIndex
INFO: [ app_init ] --START--
INFO: Run Behavior\BuildLiteBehavior [ RunTime:0.000024s ]
INFO: [ app_init ] --END-- [ RunTime:0.000137s ]

[ 2018-07-05T14:55:10+08:00 ] 192.168.1.73 /Mobile/index.php/Mobile/Index/questionIndex
INFO: [ app_init ] --START--
INFO: Run Behavior\BuildLiteBehavior [ RunTime:0.000029s ]
INFO: [ app_init ] --END-- [ RunTime:0.000172s ]

[ 2018-07-05T14:55:27+08:00 ] 192.168.1.73 /Mobile/index.php/Mobile/Index/questionIndex
INFO: [ app_init ] --START--
INFO: Run Behavior\BuildLiteBehavior [ RunTime:0.000026s ]
INFO: [ app_init ] --END-- [ RunTime:0.000139s ]

[ 2018-07-05T14:55:41+08:00 ] 192.168.1.73 /Mobile/index.php/Mobile/Index/questionIndex
INFO: [ app_init ] --START--
INFO: Run Behavior\BuildLiteBehavior [ RunTime:0.000026s ]
INFO: [ app_init ] --END-- [ RunTime:0.000142s ]

[ 2018-07-05T14:56:07+08:00 ] 192.168.1.73 /Mobile/index.php/Mobile/Index/questionIndex
INFO: [ app_init ] --START--
INFO: Run Behavior\BuildLiteBehavior [ RunTime:0.000029s ]
INFO: [ app_init ] --END-- [ RunTime:0.000169s ]

[ 2018-07-05T14:56:26+08:00 ] 192.168.1.21 /Mobile/index.php/Mobile/Index/questionIndex
INFO: [ app_init ] --START--
INFO: Run Behavior\BuildLiteBehavior [ RunTime:0.000035s ]
INFO: [ app_init ] --END-- [ RunTime:0.000141s ]

[ 2018-07-05T14:57:21+08:00 ] 192.168.1.73 /Mobile/index.php/Mobile/Index/questionIndex
INFO: [ app_init ] --START--
INFO: Run Behavior\BuildLiteBehavior [ RunTime:0.000025s ]
INFO: [ app_init ] --END-- [ RunTime:0.000140s ]

[ 2018-07-05T14:58:47+08:00 ] 192.168.1.73 /Mobile/index.php/Mobile/Index/questionIndex
INFO: [ app_init ] --START--
INFO: Run Behavior\BuildLiteBehavior [ RunTime:0.000026s ]
INFO: [ app_init ] --END-- [ RunTime:0.000134s ]

[ 2018-07-05T15:01:54+08:00 ] 192.168.1.73 /Mobile/index.php/Mobile/Index/questionIndex
INFO: [ app_init ] --START--
INFO: Run Behavior\BuildLiteBehavior [ RunTime:0.000023s ]
INFO: [ app_init ] --END-- [ RunTime:0.000123s ]

[ 2018-07-05T15:02:00+08:00 ] 192.168.1.73 /Mobile/index.php/Mobile/Index/questionIndex
INFO: [ app_init ] --START--
INFO: Run Behavior\BuildLiteBehavior [ RunTime:0.000027s ]
INFO: [ app_init ] --END-- [ RunTime:0.000164s ]

[ 2018-07-05T15:02:15+08:00 ] 192.168.1.73 /Mobile/index.php/Mobile/Index/questionIndex
INFO: [ app_init ] --START--
INFO: Run Behavior\BuildLiteBehavior [ RunTime:0.000033s ]
INFO: [ app_init ] --END-- [ RunTime:0.000191s ]

[ 2018-07-05T15:02:45+08:00 ] 192.168.1.73 /Mobile/index.php/Mobile/Index/questionIndex
INFO: [ app_init ] --START--
INFO: Run Behavior\BuildLiteBehavior [ RunTime:0.000025s ]
INFO: [ app_init ] --END-- [ RunTime:0.000136s ]

[ 2018-07-05T15:03:07+08:00 ] 192.168.1.73 /Mobile/index.php/Mobile/Index/questionIndex
INFO: [ app_init ] --START--
INFO: Run Behavior\BuildLiteBehavior [ RunTime:0.000031s ]
INFO: [ app_init ] --END-- [ RunTime:0.000240s ]

[ 2018-07-05T15:03:37+08:00 ] 192.168.1.73 /Mobile/index.php/Mobile/Index/questionIndex
INFO: [ app_init ] --START--
INFO: Run Behavior\BuildLiteBehavior [ RunTime:0.000024s ]
INFO: [ app_init ] --END-- [ RunTime:0.000143s ]

[ 2018-07-05T15:07:15+08:00 ] 192.168.1.73 /Mobile/index.php/Mobile/Index/questionIndex
INFO: [ app_init ] --START--
INFO: Run Behavior\BuildLiteBehavior [ RunTime:0.000034s ]
INFO: [ app_init ] --END-- [ RunTime:0.000136s ]

[ 2018-07-05T15:07:51+08:00 ] 192.168.1.73 /Mobile/index.php/Mobile/Index/questionIndex
INFO: [ app_init ] --START--
INFO: Run Behavior\BuildLiteBehavior [ RunTime:0.000030s ]
INFO: [ app_init ] --END-- [ RunTime:0.000178s ]

[ 2018-07-05T15:08:06+08:00 ] 192.168.1.73 /Mobile/index.php/Mobile/Index/questionIndex
INFO: [ app_init ] --START--
INFO: Run Behavior\BuildLiteBehavior [ RunTime:0.000022s ]
INFO: [ app_init ] --END-- [ RunTime:0.000116s ]

[ 2018-07-05T15:08:26+08:00 ] 192.168.1.73 /Mobile/index.php/Mobile/Index/questionIndex
INFO: [ app_init ] --START--
INFO: Run Behavior\BuildLiteBehavior [ RunTime:0.000023s ]
INFO: [ app_init ] --END-- [ RunTime:0.000127s ]

[ 2018-07-05T15:14:11+08:00 ] 192.168.1.73 /Mobile/index.php/Mobile/Index/questionIndex
INFO: [ app_init ] --START--
INFO: Run Behavior\BuildLiteBehavior [ RunTime:0.000028s ]
INFO: [ app_init ] --END-- [ RunTime:0.000155s ]

[ 2018-07-05T15:14:37+08:00 ] 192.168.1.73 /Mobile/index.php/Mobile/Index/questionIndex
INFO: [ app_init ] --START--
INFO: Run Behavior\BuildLiteBehavior [ RunTime:0.000025s ]
INFO: [ app_init ] --END-- [ RunTime:0.000145s ]

[ 2018-07-05T15:15:04+08:00 ] 192.168.1.73 /Mobile/index.php/Mobile/Index/questionIndex
INFO: [ app_init ] --START--
INFO: Run Behavior\BuildLiteBehavior [ RunTime:0.000027s ]
INFO: [ app_init ] --END-- [ RunTime:0.000144s ]

[ 2018-07-05T15:15:20+08:00 ] 192.168.1.73 /Mobile/index.php/Mobile/Index/questionIndex
INFO: [ app_init ] --START--
INFO: Run Behavior\BuildLiteBehavior [ RunTime:0.000025s ]
INFO: [ app_init ] --END-- [ RunTime:0.000128s ]

[ 2018-07-05T15:19:12+08:00 ] 192.168.1.73 /Mobile/index.php/Mobile/Index/questionIndex
INFO: [ app_init ] --START--
INFO: Run Behavior\BuildLiteBehavior [ RunTime:0.000034s ]
INFO: [ app_init ] --END-- [ RunTime:0.000180s ]

[ 2018-07-05T15:19:19+08:00 ] 192.168.1.21 /Mobile/index.php/Mobile/Index/questionIndex
INFO: [ app_init ] --START--
INFO: Run Behavior\BuildLiteBehavior [ RunTime:0.000023s ]
INFO: [ app_init ] --END-- [ RunTime:0.000129s ]

[ 2018-07-05T15:20:10+08:00 ] 192.168.1.73 /Mobile/index.php/Mobile/Index/questionIndex
INFO: [ app_init ] --START--
INFO: Run Behavior\BuildLiteBehavior [ RunTime:0.000026s ]
INFO: [ app_init ] --END-- [ RunTime:0.000147s ]

[ 2018-07-05T15:20:21+08:00 ] 192.168.1.73 /Mobile/index.php/Mobile/Index/questionIndex
INFO: [ app_init ] --START--
INFO: Run Behavior\BuildLiteBehavior [ RunTime:0.000028s ]
INFO: [ app_init ] --END-- [ RunTime:0.000173s ]

[ 2018-07-05T15:20:52+08:00 ] 192.168.1.73 /Mobile/index.php/Mobile/Index/questionIndex
INFO: [ app_init ] --START--
INFO: Run Behavior\BuildLiteBehavior [ RunTime:0.000023s ]
INFO: [ app_init ] --END-- [ RunTime:0.000126s ]

[ 2018-07-05T15:21:05+08:00 ] 192.168.1.73 /Mobile/index.php/Mobile/Index/questionIndex
INFO: [ app_init ] --START--
INFO: Run Behavior\BuildLiteBehavior [ RunTime:0.000027s ]
INFO: [ app_init ] --END-- [ RunTime:0.000152s ]

[ 2018-07-05T15:23:29+08:00 ] 192.168.1.73 /Mobile/index.php/Mobile/Index/questionIndex
INFO: [ app_init ] --START--
INFO: Run Behavior\BuildLiteBehavior [ RunTime:0.000022s ]
INFO: [ app_init ] --END-- [ RunTime:0.000132s ]

[ 2018-07-05T15:27:20+08:00 ] 192.168.1.73 /Mobile/index.php/Mobile/Index/questionIndex
INFO: [ app_init ] --START--
INFO: Run Behavior\BuildLiteBehavior [ RunTime:0.000023s ]
INFO: [ app_init ] --END-- [ RunTime:0.000118s ]

[ 2018-07-05T15:27:32+08:00 ] 192.168.1.73 /Mobile/index.php/Mobile/Index/questionIndex
INFO: [ app_init ] --START--
INFO: Run Behavior\BuildLiteBehavior [ RunTime:0.000026s ]
INFO: [ app_init ] --END-- [ RunTime:0.000138s ]

[ 2018-07-05T15:27:37+08:00 ] 192.168.1.73 /Mobile/index.php/Mobile/Index/questionIndex
INFO: [ app_init ] --START--
INFO: Run Behavior\BuildLiteBehavior [ RunTime:0.000028s ]
INFO: [ app_init ] --END-- [ RunTime:0.000152s ]

[ 2018-07-05T15:28:30+08:00 ] 192.168.1.73 /Mobile/index.php/Mobile/Index/questionIndex
INFO: [ app_init ] --START--
INFO: Run Behavior\BuildLiteBehavior [ RunTime:0.000035s ]
INFO: [ app_init ] --END-- [ RunTime:0.000479s ]

[ 2018-07-05T15:28:50+08:00 ] 192.168.1.73 /Mobile/index.php/Mobile/Index/questionIndex
INFO: [ app_init ] --START--
INFO: Run Behavior\BuildLiteBehavior [ RunTime:0.000028s ]
INFO: [ app_init ] --END-- [ RunTime:0.000295s ]

[ 2018-07-05T15:29:24+08:00 ] 192.168.1.73 /Mobile/index.php/Mobile/Index/questionIndex
INFO: [ app_init ] --START--
INFO: Run Behavior\BuildLiteBehavior [ RunTime:0.000023s ]
INFO: [ app_init ] --END-- [ RunTime:0.000123s ]

[ 2018-07-05T15:30:08+08:00 ] 192.168.1.73 /Mobile/index.php/Mobile/Index/questionIndex
INFO: [ app_init ] --START--
INFO: Run Behavior\BuildLiteBehavior [ RunTime:0.000043s ]
INFO: [ app_init ] --END-- [ RunTime:0.000209s ]

[ 2018-07-05T15:30:48+08:00 ] 192.168.1.73 /Mobile/index.php/Mobile/Index/questionIndex
INFO: [ app_init ] --START--
INFO: Run Behavior\BuildLiteBehavior [ RunTime:0.000024s ]
INFO: [ app_init ] --END-- [ RunTime:0.000126s ]

[ 2018-07-05T15:31:02+08:00 ] 192.168.1.73 /Mobile/index.php/Mobile/Index/questionIndex
INFO: [ app_init ] --START--
INFO: Run Behavior\BuildLiteBehavior [ RunTime:0.000028s ]
INFO: [ app_init ] --END-- [ RunTime:0.000148s ]

[ 2018-07-05T16:28:20+08:00 ] 192.168.1.21 /Mobile/index.php/Mobile/Index/questionIndex
INFO: [ app_init ] --START--
INFO: Run Behavior\BuildLiteBehavior [ RunTime:0.000025s ]
INFO: [ app_init ] --END-- [ RunTime:0.000138s ]

[ 2018-07-05T16:28:42+08:00 ] 192.168.1.21 /Mobile/index.php/Mobile/Index/questionList
INFO: [ app_init ] --START--
INFO: Run Behavior\BuildLiteBehavior [ RunTime:0.000024s ]
INFO: [ app_init ] --END-- [ RunTime:0.000128s ]

[ 2018-07-05T16:29:35+08:00 ] 192.168.1.21 /Mobile/index.php/Mobile/Index/questionList
INFO: [ app_init ] --START--
INFO: Run Behavior\BuildLiteBehavior [ RunTime:0.000037s ]
INFO: [ app_init ] --END-- [ RunTime:0.000138s ]

[ 2018-07-05T16:30:55+08:00 ] 192.168.1.21 /Mobile/index.php/Mobile/Index/questionList
INFO: [ app_init ] --START--
INFO: Run Behavior\BuildLiteBehavior [ RunTime:0.000022s ]
INFO: [ app_init ] --END-- [ RunTime:0.000124s ]

[ 2018-07-05T16:31:10+08:00 ] 192.168.1.21 /Mobile/index.php/Mobile/Index/questionList
INFO: [ app_init ] --START--
INFO: Run Behavior\BuildLiteBehavior [ RunTime:0.000022s ]
INFO: [ app_init ] --END-- [ RunTime:0.000127s ]

[ 2018-07-05T16:32:07+08:00 ] 192.168.1.21 /Mobile/index.php/Mobile/Index/questionList
INFO: [ app_init ] --START--
INFO: Run Behavior\BuildLiteBehavior [ RunTime:0.000022s ]
INFO: [ app_init ] --END-- [ RunTime:0.000120s ]

[ 2018-07-05T16:37:11+08:00 ] 192.168.1.73 /Mobile/index.php/Mobile/Index/questionList
INFO: [ app_init ] --START--
INFO: Run Behavior\BuildLiteBehavior [ RunTime:0.000023s ]
INFO: [ app_init ] --END-- [ RunTime:0.000121s ]

[ 2018-07-05T16:43:36+08:00 ] 192.168.1.73 /Mobile/index.php/Mobile/Index/questionList
INFO: [ app_init ] --START--
INFO: Run Behavior\BuildLiteBehavior [ RunTime:0.000049s ]
INFO: [ app_init ] --END-- [ RunTime:0.000262s ]

[ 2018-07-05T16:43:53+08:00 ] 192.168.1.73 /Mobile/index.php/Mobile/Index/questionList
INFO: [ app_init ] --START--
INFO: Run Behavior\BuildLiteBehavior [ RunTime:0.000026s ]
INFO: [ app_init ] --END-- [ RunTime:0.000134s ]

[ 2018-07-05T17:03:39+08:00 ] 192.168.1.73 /Mobile/index.php/Mobile/Index/questionList
INFO: [ app_init ] --START--
INFO: Run Behavior\BuildLiteBehavior [ RunTime:0.000030s ]
INFO: [ app_init ] --END-- [ RunTime:0.000156s ]

[ 2018-07-05T17:04:01+08:00 ] 192.168.1.73 /Mobile/index.php/Mobile/Index/questionList
INFO: [ app_init ] --START--
INFO: Run Behavior\BuildLiteBehavior [ RunTime:0.000028s ]
INFO: [ app_init ] --END-- [ RunTime:0.000146s ]

[ 2018-07-05T17:04:25+08:00 ] 192.168.1.73 /Mobile/index.php/Mobile/Index/questionList
INFO: [ app_init ] --START--
INFO: Run Behavior\BuildLiteBehavior [ RunTime:0.000024s ]
INFO: [ app_init ] --END-- [ RunTime:0.000148s ]

[ 2018-07-05T17:04:59+08:00 ] 192.168.1.73 /Mobile/index.php/Mobile/Index/questionList
INFO: [ app_init ] --START--
INFO: Run Behavior\BuildLiteBehavior [ RunTime:0.000021s ]
INFO: [ app_init ] --END-- [ RunTime:0.000120s ]

[ 2018-07-05T17:05:12+08:00 ] 192.168.1.73 /Mobile/index.php/Mobile/Index/questionList
INFO: [ app_init ] --START--
INFO: Run Behavior\BuildLiteBehavior [ RunTime:0.000029s ]
INFO: [ app_init ] --END-- [ RunTime:0.000169s ]

[ 2018-07-05T17:05:41+08:00 ] 192.168.1.73 /Mobile/index.php/Mobile/Index/questionList
INFO: [ app_init ] --START--
INFO: Run Behavior\BuildLiteBehavior [ RunTime:0.000029s ]
INFO: [ app_init ] --END-- [ RunTime:0.000161s ]

[ 2018-07-05T17:07:42+08:00 ] 192.168.1.73 /Mobile/index.php/Mobile/Index/questionList
INFO: [ app_init ] --START--
INFO: Run Behavior\BuildLiteBehavior [ RunTime:0.000024s ]
INFO: [ app_init ] --END-- [ RunTime:0.000121s ]

[ 2018-07-05T17:07:44+08:00 ] 192.168.1.73 /Mobile/index.php/Mobile/Index/questionList
INFO: [ app_init ] --START--
INFO: Run Behavior\BuildLiteBehavior [ RunTime:0.000048s ]
INFO: [ app_init ] --END-- [ RunTime:0.000259s ]

[ 2018-07-05T17:13:10+08:00 ] 192.168.1.21 /Mobile/index.php/Mobile/Index/questionList
INFO: [ app_init ] --START--
INFO: Run Behavior\BuildLiteBehavior [ RunTime:0.000022s ]
INFO: [ app_init ] --END-- [ RunTime:0.000148s ]

[ 2018-07-05T17:15:14+08:00 ] 192.168.1.73 /Mobile/index.php/Mobile/Index/questionList
INFO: [ app_init ] --START--
INFO: Run Behavior\BuildLiteBehavior [ RunTime:0.000026s ]
INFO: [ app_init ] --END-- [ RunTime:0.000149s ]

[ 2018-07-05T17:21:28+08:00 ] 192.168.1.73 /Mobile/index.php/Mobile/Index/questionList
INFO: [ app_init ] --START--
INFO: Run Behavior\BuildLiteBehavior [ RunTime:0.000025s ]
INFO: [ app_init ] --END-- [ RunTime:0.000135s ]

[ 2018-07-05T17:21:31+08:00 ] 192.168.1.73 /Mobile/index.php/Mobile/Index/questionList
INFO: [ app_init ] --START--
INFO: Run Behavior\BuildLiteBehavior [ RunTime:0.000022s ]
INFO: [ app_init ] --END-- [ RunTime:0.000112s ]

[ 2018-07-05T17:21:44+08:00 ] 192.168.1.21 /Mobile/index.php/Mobile/Index/questionList
INFO: [ app_init ] --START--
INFO: Run Behavior\BuildLiteBehavior [ RunTime:0.000023s ]
INFO: [ app_init ] --END-- [ RunTime:0.000114s ]

[ 2018-07-05T17:21:51+08:00 ] 192.168.1.21 /Mobile/index.php/Mobile/Index/questionList
INFO: [ app_init ] --START--
INFO: Run Behavior\BuildLiteBehavior [ RunTime:0.000031s ]
INFO: [ app_init ] --END-- [ RunTime:0.000140s ]

[ 2018-07-05T17:21:53+08:00 ] 192.168.1.21 /Mobile/index.php/Mobile/Index/questionList
INFO: [ app_init ] --START--
INFO: Run Behavior\BuildLiteBehavior [ RunTime:0.000022s ]
INFO: [ app_init ] --END-- [ RunTime:0.000114s ]

[ 2018-07-05T17:22:14+08:00 ] 192.168.1.21 /Mobile/index.php/Mobile/Index/questionList
INFO: [ app_init ] --START--
INFO: Run Behavior\BuildLiteBehavior [ RunTime:0.000029s ]
INFO: [ app_init ] --END-- [ RunTime:0.000143s ]

[ 2018-07-05T18:01:14+08:00 ] 192.168.1.21 /Mobile/index.php/Mobile/Index/questionList
INFO: [ app_init ] --START--
INFO: Run Behavior\BuildLiteBehavior [ RunTime:0.000022s ]
INFO: [ app_init ] --END-- [ RunTime:0.000121s ]

[ 2018-07-05T18:06:07+08:00 ] 192.168.1.21 /Mobile/index.php/Mobile/Index/questionList
INFO: [ app_init ] --START--
INFO: Run Behavior\BuildLiteBehavior [ RunTime:0.000023s ]
INFO: [ app_init ] --END-- [ RunTime:0.000126s ]

[ 2018-07-05T18:07:29+08:00 ] 192.168.1.21 /Mobile/index.php/Mobile/Index/questionList
INFO: [ app_init ] --START--
INFO: Run Behavior\BuildLiteBehavior [ RunTime:0.000044s ]
INFO: [ app_init ] --END-- [ RunTime:0.000157s ]

[ 2018-07-05T18:07:32+08:00 ] 192.168.1.21 /Mobile/index.php/Mobile/Index/questionList
INFO: [ app_init ] --START--
INFO: Run Behavior\BuildLiteBehavior [ RunTime:0.000038s ]
INFO: [ app_init ] --END-- [ RunTime:0.000187s ]

[ 2018-07-05T18:07:33+08:00 ] 192.168.1.21 /Mobile/index.php/Mobile/Index/questionList
INFO: [ app_init ] --START--
INFO: Run Behavior\BuildLiteBehavior [ RunTime:0.000023s ]
INFO: [ app_init ] --END-- [ RunTime:0.000117s ]

[ 2018-07-05T18:07:33+08:00 ] 192.168.1.21 /Mobile/index.php/Mobile/Index/questionList
INFO: [ app_init ] --START--
INFO: Run Behavior\BuildLiteBehavior [ RunTime:0.000038s ]
INFO: [ app_init ] --END-- [ RunTime:0.000208s ]

[ 2018-07-05T18:08:08+08:00 ] 192.168.1.21 /Mobile/index.php/Mobile/Index/questionList
INFO: [ app_init ] --START--
INFO: Run Behavior\BuildLiteBehavior [ RunTime:0.000024s ]
INFO: [ app_init ] --END-- [ RunTime:0.000124s ]

