[ 2018-07-06T07:58:55+08:00 ] 192.168.1.21 /Mobile/index.php/Mobile/Index/index
INFO: [ app_init ] --START--
INFO: Run Behavior\BuildLiteBehavior [ RunTime:0.000031s ]
INFO: [ app_init ] --END-- [ RunTime:0.014968s ]

[ 2018-07-06T07:58:59+08:00 ] 192.168.1.21 /Mobile/index.php/Mobile/Index/index
INFO: [ app_init ] --START--
INFO: Run Behavior\BuildLiteBehavior [ RunTime:0.000027s ]
INFO: [ app_init ] --END-- [ RunTime:0.000141s ]

[ 2018-07-06T07:59:07+08:00 ] 192.168.1.21 /Mobile/index.php/Mobile/Index/index
INFO: [ app_init ] --START--
INFO: Run Behavior\BuildLiteBehavior [ RunTime:0.000027s ]
INFO: [ app_init ] --END-- [ RunTime:0.000158s ]

[ 2018-07-06T08:36:28+08:00 ] 192.168.1.73 /Mobile/index.php/Mobile/Index/expertIndex
INFO: [ app_init ] --START--
INFO: Run Behavior\BuildLiteBehavior [ RunTime:0.000026s ]
INFO: [ app_init ] --END-- [ RunTime:0.000133s ]

[ 2018-07-06T16:58:02+08:00 ] 192.168.1.21 /Mobile/index.php/Mobile/Index/questionList
INFO: [ app_init ] --START--
INFO: Run Behavior\BuildLiteBehavior [ RunTime:0.000029s ]
INFO: [ app_init ] --END-- [ RunTime:0.000117s ]

[ 2018-07-06T17:00:07+08:00 ] 192.168.1.21 /Mobile/index.php/Mobile/Index/questionList
INFO: [ app_init ] --START--
INFO: Run Behavior\BuildLiteBehavior [ RunTime:0.000024s ]
INFO: [ app_init ] --END-- [ RunTime:0.000115s ]

[ 2018-07-06T17:09:04+08:00 ] 192.168.1.21 /Mobile/index.php/Mobile/Index/questionList
INFO: [ app_init ] --START--
INFO: Run Behavior\BuildLiteBehavior [ RunTime:0.000022s ]
INFO: [ app_init ] --END-- [ RunTime:0.000113s ]

[ 2018-07-06T17:09:07+08:00 ] 192.168.1.21 /Mobile/index.php/Mobile/Index/questionList
INFO: [ app_init ] --START--
INFO: Run Behavior\BuildLiteBehavior [ RunTime:0.000022s ]
INFO: [ app_init ] --END-- [ RunTime:0.000111s ]

[ 2018-07-06T17:09:09+08:00 ] 192.168.1.21 /Mobile/index.php/Mobile/Index/questionList
INFO: [ app_init ] --START--
INFO: Run Behavior\BuildLiteBehavior [ RunTime:0.000022s ]
INFO: [ app_init ] --END-- [ RunTime:0.000112s ]

[ 2018-07-06T17:09:09+08:00 ] 192.168.1.21 /Mobile/index.php/Mobile/Index/questionList
INFO: [ app_init ] --START--
INFO: Run Behavior\BuildLiteBehavior [ RunTime:0.000027s ]
INFO: [ app_init ] --END-- [ RunTime:0.000117s ]

[ 2018-07-06T17:09:26+08:00 ] 192.168.1.21 /Mobile/index.php/Mobile/Index/questionList
INFO: [ app_init ] --START--
INFO: Run Behavior\BuildLiteBehavior [ RunTime:0.000022s ]
INFO: [ app_init ] --END-- [ RunTime:0.000109s ]

[ 2018-07-06T17:22:14+08:00 ] 192.168.1.21 /Mobile/index.php/Mobile/Index/questionList
INFO: [ app_init ] --START--
INFO: Run Behavior\BuildLiteBehavior [ RunTime:0.000027s ]
INFO: [ app_init ] --END-- [ RunTime:0.000153s ]

[ 2018-07-06T17:22:16+08:00 ] 192.168.1.21 /Mobile/index.php/Mobile/Index/questionList
INFO: [ app_init ] --START--
INFO: Run Behavior\BuildLiteBehavior [ RunTime:0.000022s ]
INFO: [ app_init ] --END-- [ RunTime:0.000111s ]

[ 2018-07-06T17:22:16+08:00 ] 192.168.1.21 /Mobile/index.php/Mobile/Index/questionList
INFO: [ app_init ] --START--
INFO: Run Behavior\BuildLiteBehavior [ RunTime:0.000025s ]
INFO: [ app_init ] --END-- [ RunTime:0.000122s ]

[ 2018-07-06T17:22:17+08:00 ] 192.168.1.21 /Mobile/index.php/Mobile/Index/questionList
INFO: [ app_init ] --START--
INFO: Run Behavior\BuildLiteBehavior [ RunTime:0.000027s ]
INFO: [ app_init ] --END-- [ RunTime:0.000123s ]

[ 2018-07-06T17:33:21+08:00 ] 192.168.1.21 /Mobile/index.php/Mobile/Index/questionList
INFO: [ app_init ] --START--
INFO: Run Behavior\BuildLiteBehavior [ RunTime:0.000022s ]
INFO: [ app_init ] --END-- [ RunTime:0.000111s ]

[ 2018-07-06T17:33:36+08:00 ] 192.168.1.21 /Mobile/index.php/Mobile/Index/questionList
INFO: [ app_init ] --START--
INFO: Run Behavior\BuildLiteBehavior [ RunTime:0.000029s ]
INFO: [ app_init ] --END-- [ RunTime:0.000165s ]

[ 2018-07-06T17:36:55+08:00 ] 192.168.1.21 /Mobile/index.php/Mobile/Index/questionList
INFO: [ app_init ] --START--
INFO: Run Behavior\BuildLiteBehavior [ RunTime:0.000022s ]
INFO: [ app_init ] --END-- [ RunTime:0.000119s ]

[ 2018-07-06T17:45:50+08:00 ] 192.168.1.21 /Mobile/index.php/Mobile/Index/questionList
INFO: [ app_init ] --START--
INFO: Run Behavior\BuildLiteBehavior [ RunTime:0.000024s ]
INFO: [ app_init ] --END-- [ RunTime:0.000117s ]
ERR: 没有定义数据库配置

[ 2018-07-06T17:46:49+08:00 ] 192.168.1.21 /Mobile/index.php/Mobile/Index/questionList
INFO: [ app_init ] --START--
INFO: Run Behavior\BuildLiteBehavior [ RunTime:0.000021s ]
INFO: [ app_init ] --END-- [ RunTime:0.000112s ]
ERR: 没有定义数据库配置

[ 2018-07-06T17:46:50+08:00 ] 192.168.1.21 /Mobile/index.php/Mobile/Index/questionList
INFO: [ app_init ] --START--
INFO: Run Behavior\BuildLiteBehavior [ RunTime:0.000025s ]
INFO: [ app_init ] --END-- [ RunTime:0.000123s ]
ERR: 没有定义数据库配置

[ 2018-07-06T17:49:14+08:00 ] 192.168.1.21 /Mobile/index.php/Mobile/Index/questionList
INFO: [ app_init ] --START--
INFO: Run Behavior\BuildLiteBehavior [ RunTime:0.000025s ]
INFO: [ app_init ] --END-- [ RunTime:0.000133s ]
ERR: 没有定义数据库配置

[ 2018-07-06T17:49:15+08:00 ] 192.168.1.21 /Mobile/index.php/Mobile/Index/questionList
INFO: [ app_init ] --START--
INFO: Run Behavior\BuildLiteBehavior [ RunTime:0.000026s ]
INFO: [ app_init ] --END-- [ RunTime:0.000132s ]
ERR: 没有定义数据库配置

[ 2018-07-06T17:49:15+08:00 ] 192.168.1.21 /Mobile/index.php/Mobile/Index/questionList
INFO: [ app_init ] --START--
INFO: Run Behavior\BuildLiteBehavior [ RunTime:0.000030s ]
INFO: [ app_init ] --END-- [ RunTime:0.000135s ]
ERR: 没有定义数据库配置

[ 2018-07-06T17:53:09+08:00 ] 192.168.1.21 /Mobile/index.php/Mobile/Index/questionList
INFO: [ app_init ] --START--
INFO: Run Behavior\BuildLiteBehavior [ RunTime:0.000023s ]
INFO: [ app_init ] --END-- [ RunTime:0.000113s ]
ERR: 没有定义数据库配置

[ 2018-07-06T17:53:21+08:00 ] 192.168.1.21 /Mobile/index.php/Mobile/Index/questionList
INFO: [ app_init ] --START--
INFO: Run Behavior\BuildLiteBehavior [ RunTime:0.000022s ]
INFO: [ app_init ] --END-- [ RunTime:0.000110s ]
ERR: 没有定义数据库配置

[ 2018-07-06T17:53:56+08:00 ] 192.168.1.21 /Mobile/index.php/Mobile/Index/questionList
INFO: [ app_init ] --START--
INFO: Run Behavior\BuildLiteBehavior [ RunTime:0.000024s ]
INFO: [ app_init ] --END-- [ RunTime:0.000114s ]
ERR: 没有定义数据库配置

[ 2018-07-06T18:14:56+08:00 ] 192.168.1.21 /Mobile/index.php/Mobile/Index/questionList
INFO: [ app_init ] --START--
INFO: Run Behavior\BuildLiteBehavior [ RunTime:0.000025s ]
INFO: [ app_init ] --END-- [ RunTime:0.000121s ]
ERR: 没有定义数据库配置

[ 2018-07-06T18:19:50+08:00 ] 192.168.1.21 /Mobile/index.php/Mobile/Index/questionList
INFO: [ app_init ] --START--
INFO: Run Behavior\BuildLiteBehavior [ RunTime:0.000023s ]
INFO: [ app_init ] --END-- [ RunTime:0.000120s ]

[ 2018-07-06T18:20:47+08:00 ] 192.168.1.21 /Mobile/index.php/Mobile/Index/questionList
INFO: [ app_init ] --START--
INFO: Run Behavior\BuildLiteBehavior [ RunTime:0.000024s ]
INFO: [ app_init ] --END-- [ RunTime:0.000125s ]

