[ 2018-07-02T11:25:22+08:00 ] 192.168.1.21 /Mobile-git/
INFO: [ app_init ] --START--
INFO: Run Behavior\BuildLiteBehavior [ RunTime:0.000023s ]
INFO: [ app_init ] --END-- [ RunTime:0.011489s ]
ERR: 没有定义数据库配置

[ 2018-07-02T11:27:11+08:00 ] 192.168.1.21 /Mobile-git/index.php/Home/Index/index
INFO: [ app_init ] --START--
INFO: Run Behavior\BuildLiteBehavior [ RunTime:0.000048s ]
INFO: [ app_init ] --END-- [ RunTime:0.000139s ]
ERR: 没有定义数据库配置

[ 2018-07-02T11:37:27+08:00 ] 192.168.1.21 /Mobile/index.php/Home/Index/index
INFO: [ app_init ] --START--
INFO: Run Behavior\BuildLiteBehavior [ RunTime:0.000034s ]
INFO: [ app_init ] --END-- [ RunTime:0.000240s ]
ERR: 没有定义数据库配置

[ 2018-07-02T11:42:42+08:00 ] 192.168.1.21 /Mobile/index.php/Mobile/Index/index
INFO: [ app_init ] --START--
INFO: Run Behavior\BuildLiteBehavior [ RunTime:0.000026s ]
INFO: [ app_init ] --END-- [ RunTime:0.000163s ]

[ 2018-07-02T11:52:53+08:00 ] 192.168.1.73 /Mobile/index.php/Mobile/Index/index
INFO: [ app_init ] --START--
INFO: Run Behavior\BuildLiteBehavior [ RunTime:0.000027s ]
INFO: [ app_init ] --END-- [ RunTime:0.000156s ]

[ 2018-07-02T12:23:37+08:00 ] 192.168.1.73 /Mobile/index.php/Mobile/Index/index
INFO: [ app_init ] --START--
INFO: Run Behavior\BuildLiteBehavior [ RunTime:0.000023s ]
INFO: [ app_init ] --END-- [ RunTime:0.000118s ]

[ 2018-07-02T14:03:09+08:00 ] 192.168.1.21 /Mobile/index.php/Mobile/Index/hospitalDetail
INFO: [ app_init ] --START--
INFO: Run Behavior\BuildLiteBehavior [ RunTime:0.000024s ]
INFO: [ app_init ] --END-- [ RunTime:0.000121s ]

[ 2018-07-02T14:04:10+08:00 ] 192.168.1.21 /Mobile/index.php/Mobile/Index/hospitalDetail
INFO: [ app_init ] --START--
INFO: Run Behavior\BuildLiteBehavior [ RunTime:0.000034s ]
INFO: [ app_init ] --END-- [ RunTime:0.000149s ]

[ 2018-07-02T14:05:38+08:00 ] 192.168.1.21 /Mobile/index.php/Mobile/Index/hospitalDetail
INFO: [ app_init ] --START--
INFO: Run Behavior\BuildLiteBehavior [ RunTime:0.000027s ]
INFO: [ app_init ] --END-- [ RunTime:0.000151s ]

[ 2018-07-02T14:05:46+08:00 ] 192.168.1.21 /Mobile/index.php/Mobile/Index/hospitalDetail
INFO: [ app_init ] --START--
INFO: Run Behavior\BuildLiteBehavior [ RunTime:0.000034s ]
INFO: [ app_init ] --END-- [ RunTime:0.000361s ]

[ 2018-07-02T14:06:09+08:00 ] 192.168.1.21 /Mobile/index.php/Mobile/Index/hospitalDetail
INFO: [ app_init ] --START--
INFO: Run Behavior\BuildLiteBehavior [ RunTime:0.000030s ]
INFO: [ app_init ] --END-- [ RunTime:0.000153s ]

[ 2018-07-02T14:16:33+08:00 ] 192.168.1.21 /Mobile/index.php/Mobile/Index/hospitalDetail
INFO: [ app_init ] --START--
INFO: Run Behavior\BuildLiteBehavior [ RunTime:0.000025s ]
INFO: [ app_init ] --END-- [ RunTime:0.000137s ]

[ 2018-07-02T14:17:11+08:00 ] 192.168.1.21 /Mobile/index.php/Mobile/Index/hospitalDetail
INFO: [ app_init ] --START--
INFO: Run Behavior\BuildLiteBehavior [ RunTime:0.000093s ]
INFO: [ app_init ] --END-- [ RunTime:0.000213s ]

[ 2018-07-02T14:18:05+08:00 ] 192.168.1.21 /Mobile/index.php/Mobile/Index/hospitalDetail
INFO: [ app_init ] --START--
INFO: Run Behavior\BuildLiteBehavior [ RunTime:0.000024s ]
INFO: [ app_init ] --END-- [ RunTime:0.000136s ]

[ 2018-07-02T14:18:24+08:00 ] 192.168.1.21 /Mobile/index.php/Mobile/Index/hospitalDetail
INFO: [ app_init ] --START--
INFO: Run Behavior\BuildLiteBehavior [ RunTime:0.000028s ]
INFO: [ app_init ] --END-- [ RunTime:0.000152s ]

[ 2018-07-02T14:20:03+08:00 ] 192.168.1.21 /Mobile/index.php/Mobile/Index/hospitalDetail
INFO: [ app_init ] --START--
INFO: Run Behavior\BuildLiteBehavior [ RunTime:0.000024s ]
INFO: [ app_init ] --END-- [ RunTime:0.000127s ]

[ 2018-07-02T14:20:13+08:00 ] 192.168.1.21 /Mobile/index.php/Mobile/Index/hospitalDetail
INFO: [ app_init ] --START--
INFO: Run Behavior\BuildLiteBehavior [ RunTime:0.000024s ]
INFO: [ app_init ] --END-- [ RunTime:0.000126s ]

[ 2018-07-02T14:28:24+08:00 ] 192.168.1.21 /Mobile/index.php/Mobile/Index/doctorDetail
INFO: [ app_init ] --START--
INFO: Run Behavior\BuildLiteBehavior [ RunTime:0.000027s ]
INFO: [ app_init ] --END-- [ RunTime:0.000153s ]
ERR: 非法操作:doctorDetail

[ 2018-07-02T14:28:43+08:00 ] 192.168.1.21 /Mobile/index.php/Mobile/Index/expertDetail
INFO: [ app_init ] --START--
INFO: Run Behavior\BuildLiteBehavior [ RunTime:0.000027s ]
INFO: [ app_init ] --END-- [ RunTime:0.000329s ]

[ 2018-07-02T14:30:10+08:00 ] 192.168.1.21 /Mobile/index.php/Mobile/Index/hospitalDetail
INFO: [ app_init ] --START--
INFO: Run Behavior\BuildLiteBehavior [ RunTime:0.000023s ]
INFO: [ app_init ] --END-- [ RunTime:0.000117s ]

[ 2018-07-02T14:35:23+08:00 ] 192.168.1.21 /Mobile/index.php/Mobile/Index/hospitalDetail
INFO: [ app_init ] --START--
INFO: Run Behavior\BuildLiteBehavior [ RunTime:0.000024s ]
INFO: [ app_init ] --END-- [ RunTime:0.000128s ]

[ 2018-07-02T14:36:07+08:00 ] 192.168.1.21 /Mobile/index.php/Mobile/Index/hospitalDetail
INFO: [ app_init ] --START--
INFO: Run Behavior\BuildLiteBehavior [ RunTime:0.000023s ]
INFO: [ app_init ] --END-- [ RunTime:0.000123s ]

[ 2018-07-02T14:36:22+08:00 ] 192.168.1.21 /Mobile/index.php/Mobile/Index/hospitalDetail
INFO: [ app_init ] --START--
INFO: Run Behavior\BuildLiteBehavior [ RunTime:0.000023s ]
INFO: [ app_init ] --END-- [ RunTime:0.000114s ]

[ 2018-07-02T14:36:29+08:00 ] 192.168.1.21 /Mobile/index.php/Mobile/Index/hospitalDetail
INFO: [ app_init ] --START--
INFO: Run Behavior\BuildLiteBehavior [ RunTime:0.000027s ]
INFO: [ app_init ] --END-- [ RunTime:0.000162s ]

[ 2018-07-02T14:36:58+08:00 ] 192.168.1.21 /Mobile/index.php/Mobile/Index/hospitalDetail
INFO: [ app_init ] --START--
INFO: Run Behavior\BuildLiteBehavior [ RunTime:0.000023s ]
INFO: [ app_init ] --END-- [ RunTime:0.000131s ]

[ 2018-07-02T14:37:37+08:00 ] 192.168.1.21 /Mobile/index.php/Mobile/Index/hospitalDetail
INFO: [ app_init ] --START--
INFO: Run Behavior\BuildLiteBehavior [ RunTime:0.000023s ]
INFO: [ app_init ] --END-- [ RunTime:0.000131s ]

[ 2018-07-02T14:38:43+08:00 ] 192.168.1.21 /Mobile/index.php/Mobile/Index/hospitalDetail
INFO: [ app_init ] --START--
INFO: Run Behavior\BuildLiteBehavior [ RunTime:0.000028s ]
INFO: [ app_init ] --END-- [ RunTime:0.000144s ]

[ 2018-07-02T14:39:21+08:00 ] 192.168.1.73 /Mobile/index.php/Mobile/Index/hospitalDetail
INFO: [ app_init ] --START--
INFO: Run Behavior\BuildLiteBehavior [ RunTime:0.000056s ]
INFO: [ app_init ] --END-- [ RunTime:0.000167s ]

[ 2018-07-02T14:39:42+08:00 ] 192.168.1.73 /Mobile/index.php/Mobile/Index/hospitalDetail
INFO: [ app_init ] --START--
INFO: Run Behavior\BuildLiteBehavior [ RunTime:0.000033s ]
INFO: [ app_init ] --END-- [ RunTime:0.000196s ]

[ 2018-07-02T14:39:47+08:00 ] 192.168.1.73 /Mobile/index.php/Mobile/Index/index
INFO: [ app_init ] --START--
INFO: Run Behavior\BuildLiteBehavior [ RunTime:0.000027s ]
INFO: [ app_init ] --END-- [ RunTime:0.000136s ]

[ 2018-07-02T14:40:01+08:00 ] 192.168.1.21 /Mobile/index.php/Mobile/Index/expertDetail
INFO: [ app_init ] --START--
INFO: Run Behavior\BuildLiteBehavior [ RunTime:0.000023s ]
INFO: [ app_init ] --END-- [ RunTime:0.000119s ]

[ 2018-07-02T14:40:06+08:00 ] 192.168.1.21 /Mobile/index.php/Mobile/Index/index
INFO: [ app_init ] --START--
INFO: Run Behavior\BuildLiteBehavior [ RunTime:0.000024s ]
INFO: [ app_init ] --END-- [ RunTime:0.000123s ]

[ 2018-07-02T15:05:30+08:00 ] 192.168.1.21 /Mobile/index.php/Mobile/Index/diseaseIndex
INFO: [ app_init ] --START--
INFO: Run Behavior\BuildLiteBehavior [ RunTime:0.000024s ]
INFO: [ app_init ] --END-- [ RunTime:0.000136s ]

[ 2018-07-02T15:07:29+08:00 ] 192.168.1.21 /Mobile/index.php/Mobile/Index/diseaseIndex
INFO: [ app_init ] --START--
INFO: Run Behavior\BuildLiteBehavior [ RunTime:0.000024s ]
INFO: [ app_init ] --END-- [ RunTime:0.000234s ]

[ 2018-07-02T15:09:51+08:00 ] 192.168.1.73 /Mobile/index.php/Mobile/Index/index
INFO: [ app_init ] --START--
INFO: Run Behavior\BuildLiteBehavior [ RunTime:0.000026s ]
INFO: [ app_init ] --END-- [ RunTime:0.000138s ]

[ 2018-07-02T15:10:05+08:00 ] 192.168.1.73 /Mobile/index.php/Mobile/Index/expertIndex
INFO: [ app_init ] --START--
INFO: Run Behavior\BuildLiteBehavior [ RunTime:0.000025s ]
INFO: [ app_init ] --END-- [ RunTime:0.000127s ]

[ 2018-07-02T15:10:15+08:00 ] 192.168.1.73 /Mobile/index.php/Mobile/Index/expertList
INFO: [ app_init ] --START--
INFO: Run Behavior\BuildLiteBehavior [ RunTime:0.000024s ]
INFO: [ app_init ] --END-- [ RunTime:0.000120s ]

[ 2018-07-02T15:10:20+08:00 ] 192.168.1.73 /Mobile/index.php/Mobile/Index/expertDetail
INFO: [ app_init ] --START--
INFO: Run Behavior\BuildLiteBehavior [ RunTime:0.000030s ]
INFO: [ app_init ] --END-- [ RunTime:0.000156s ]

[ 2018-07-02T15:15:09+08:00 ] 192.168.1.73 /Mobile/index.php/Mobile/Index/hospitalDetail
INFO: [ app_init ] --START--
INFO: Run Behavior\BuildLiteBehavior [ RunTime:0.000024s ]
INFO: [ app_init ] --END-- [ RunTime:0.000136s ]

[ 2018-07-02T15:16:02+08:00 ] 192.168.1.73 /Mobile/index.php/Mobile/Index/index
INFO: [ app_init ] --START--
INFO: Run Behavior\BuildLiteBehavior [ RunTime:0.000059s ]
INFO: [ app_init ] --END-- [ RunTime:0.000277s ]

[ 2018-07-02T16:09:42+08:00 ] 192.168.1.73 /Mobile/index.php/Mobile/Index/hospitalDetail
INFO: [ app_init ] --START--
INFO: Run Behavior\BuildLiteBehavior [ RunTime:0.000025s ]
INFO: [ app_init ] --END-- [ RunTime:0.000130s ]

