[ 2018-07-10T00:50:22+08:00 ] 103.206.225.117 /
INFO: [ app_init ] --START--
INFO: Run Behavior\BuildLiteBehavior [ RunTime:0.000012s ]
INFO: [ app_init ] --END-- [ RunTime:0.000056s ]
ERR: Access denied for user 'root'@'localhost' (using password: NO)

[ 2018-07-10T01:05:57+08:00 ] 164.215.219.125 /
INFO: [ app_init ] --START--
INFO: Run Behavior\BuildLiteBehavior [ RunTime:0.000010s ]
INFO: [ app_init ] --END-- [ RunTime:0.000053s ]
ERR: Access denied for user 'root'@'localhost' (using password: NO)

[ 2018-07-10T03:08:41+08:00 ] 83.219.136.192 /
INFO: [ app_init ] --START--
INFO: Run Behavior\BuildLiteBehavior [ RunTime:0.000010s ]
INFO: [ app_init ] --END-- [ RunTime:0.000053s ]
ERR: Access denied for user 'root'@'localhost' (using password: NO)

[ 2018-07-10T03:42:38+08:00 ] 177.137.147.86 /
INFO: [ app_init ] --START--
INFO: Run Behavior\BuildLiteBehavior [ RunTime:0.000011s ]
INFO: [ app_init ] --END-- [ RunTime:0.000052s ]
ERR: Access denied for user 'root'@'localhost' (using password: NO)

[ 2018-07-10T05:38:26+08:00 ] 79.22.173.250 /
INFO: [ app_init ] --START--
INFO: Run Behavior\BuildLiteBehavior [ RunTime:0.000011s ]
INFO: [ app_init ] --END-- [ RunTime:0.000052s ]
ERR: Access denied for user 'root'@'localhost' (using password: NO)

[ 2018-07-10T05:39:59+08:00 ] 152.249.219.191 /
INFO: [ app_init ] --START--
INFO: Run Behavior\BuildLiteBehavior [ RunTime:0.000011s ]
INFO: [ app_init ] --END-- [ RunTime:0.000054s ]
ERR: Access denied for user 'root'@'localhost' (using password: NO)

[ 2018-07-10T07:08:41+08:00 ] 200.196.46.242 /
INFO: [ app_init ] --START--
INFO: Run Behavior\BuildLiteBehavior [ RunTime:0.000010s ]
INFO: [ app_init ] --END-- [ RunTime:0.000051s ]
ERR: Access denied for user 'root'@'localhost' (using password: NO)

[ 2018-07-10T07:08:53+08:00 ] 45.115.172.207 /
INFO: [ app_init ] --START--
INFO: Run Behavior\BuildLiteBehavior [ RunTime:0.000010s ]
INFO: [ app_init ] --END-- [ RunTime:0.000059s ]
ERR: Access denied for user 'root'@'localhost' (using password: NO)

[ 2018-07-10T07:53:00+08:00 ] 210.12.18.39 /index.php/Mobile/Index/index
INFO: [ app_init ] --START--
INFO: Run Behavior\BuildLiteBehavior [ RunTime:0.000010s ]
INFO: [ app_init ] --END-- [ RunTime:0.000053s ]

[ 2018-07-10T08:35:12+08:00 ] 114.129.16.26 /
INFO: [ app_init ] --START--
INFO: Run Behavior\BuildLiteBehavior [ RunTime:0.000018s ]
INFO: [ app_init ] --END-- [ RunTime:0.000057s ]
ERR: Access denied for user 'root'@'localhost' (using password: NO)

